=======================================================================
 QindieGL wrapper initialized at Fri Feb 20 03:52:06 2026
=======================================================================

--- Init( clear globals ) ---
Hookinit: gamecfg game.xash3d
Hookinit: moduleinfo base:00950000 size:679936 ep:00951096 
SurfaceSort: detouring result: 0 hint: 0
Direct3D initialized
--- Cleanup( partial ) ---
D3DVABuffer: 0.00 kb vertex data, 0.00 kb index data [8 swap frames]
--- Init( normal ) ---
MatrixDetection enabled:0 mode:0
CPU: AuthenticAMD
Features: RDTSC MMX SSE SSE2 SSE3
Using SSE optimizations
Window Style: WS_CLIPSIBLINGS WS_DISABLED WS_POPUP
SetupPresentParams: 10 x 10 x 24 (fullscreen)
GetAdapterModeFormat: format X8R8G8B8 supports 34 modes
GetAdapterModeFormat: format X8R8G8B8, checking mode 0...
GetAdapterModeFormat: format X8R8G8B8, checking mode 1...
GetAdapterModeFormat: format X8R8G8B8, checking mode 2...
GetAdapterModeFormat: format X8R8G8B8, checking mode 3...
GetAdapterModeFormat: format X8R8G8B8, checking mode 4...
GetAdapterModeFormat: format X8R8G8B8, checking mode 5...
GetAdapterModeFormat: format X8R8G8B8, checking mode 6...
GetAdapterModeFormat: format X8R8G8B8, checking mode 7...
GetAdapterModeFormat: format X8R8G8B8, checking mode 8...
GetAdapterModeFormat: format X8R8G8B8, checking mode 9...
GetAdapterModeFormat: format X8R8G8B8, checking mode 10...
GetAdapterModeFormat: format X8R8G8B8, checking mode 11...
GetAdapterModeFormat: format X8R8G8B8, checking mode 12...
GetAdapterModeFormat: format X8R8G8B8, checking mode 13...
GetAdapterModeFormat: format X8R8G8B8, checking mode 14...
GetAdapterModeFormat: format X8R8G8B8, checking mode 15...
GetAdapterModeFormat: format X8R8G8B8, checking mode 16...
GetAdapterModeFormat: format X8R8G8B8, checking mode 17...
GetAdapterModeFormat: format X8R8G8B8, checking mode 18...
GetAdapterModeFormat: format X8R8G8B8, checking mode 19...
GetAdapterModeFormat: format X8R8G8B8, checking mode 20...
GetAdapterModeFormat: format X8R8G8B8, checking mode 21...
GetAdapterModeFormat: format X8R8G8B8, checking mode 22...
GetAdapterModeFormat: format X8R8G8B8, checking mode 23...
GetAdapterModeFormat: format X8R8G8B8, checking mode 24...
GetAdapterModeFormat: format X8R8G8B8, checking mode 25...
GetAdapterModeFormat: format X8R8G8B8, checking mode 26...
GetAdapterModeFormat: format X8R8G8B8, checking mode 27...
GetAdapterModeFormat: format X8R8G8B8, checking mode 28...
GetAdapterModeFormat: format X8R8G8B8, checking mode 29...
GetAdapterModeFormat: format X8R8G8B8, checking mode 30...
GetAdapterModeFormat: format X8R8G8B8, checking mode 31...
GetAdapterModeFormat: format X8R8G8B8, checking mode 32...
GetAdapterModeFormat: format X8R8G8B8, checking mode 33...
GetAdapterModeFormat: format A8R8G8B8 supports 0 modes
SetupPresentParams: failed to get fullscreen mode
SetupPresentParams: 10 x 10 x 24 (windowed)
GetDepthFormat: format D24S8 is supported
CheckTextureFormat: format DXT1 is supported
CheckTextureFormat: format DXT3 is supported
CheckTextureFormat: format DXT5 is supported
S3TC texture compression is supported
wglCreateContext: creating pure device with hardware vertex processing
Color bits: 8 8 8 0
Depth bits: 24
Stencil bits: 8
wglGetProcAddress: queried proc 'wglGetExtensionsStringARB'
wglGetProcAddress: queried proc 'wglSwapIntervalEXT'
wglGetProcAddress: queried proc 'wglGetSwapIntervalEXT'
wglDeleteContext: deleting rendering context
--- Cleanup( partial ) ---
D3DVABuffer: 0.00 kb vertex data, 0.00 kb index data [8 swap frames]
--- Cleanup( partial ) ---
--- Init( normal ) ---
MatrixDetection enabled:0 mode:0
CPU: AuthenticAMD
Features: RDTSC MMX SSE SSE2 SSE3
Using SSE optimizations
Window Style: WS_CLIPSIBLINGS WS_DISABLED WS_POPUP
SetupPresentParams: 10 x 10 x 24 (fullscreen)
GetAdapterModeFormat: format X8R8G8B8 supports 34 modes
GetAdapterModeFormat: format X8R8G8B8, checking mode 0...
GetAdapterModeFormat: format X8R8G8B8, checking mode 1...
GetAdapterModeFormat: format X8R8G8B8, checking mode 2...
GetAdapterModeFormat: format X8R8G8B8, checking mode 3...
GetAdapterModeFormat: format X8R8G8B8, checking mode 4...
GetAdapterModeFormat: format X8R8G8B8, checking mode 5...
GetAdapterModeFormat: format X8R8G8B8, checking mode 6...
GetAdapterModeFormat: format X8R8G8B8, checking mode 7...
GetAdapterModeFormat: format X8R8G8B8, checking mode 8...
GetAdapterModeFormat: format X8R8G8B8, checking mode 9...
GetAdapterModeFormat: format X8R8G8B8, checking mode 10...
GetAdapterModeFormat: format X8R8G8B8, checking mode 11...
GetAdapterModeFormat: format X8R8G8B8, checking mode 12...
GetAdapterModeFormat: format X8R8G8B8, checking mode 13...
GetAdapterModeFormat: format X8R8G8B8, checking mode 14...
GetAdapterModeFormat: format X8R8G8B8, checking mode 15...
GetAdapterModeFormat: format X8R8G8B8, checking mode 16...
GetAdapterModeFormat: format X8R8G8B8, checking mode 17...
GetAdapterModeFormat: format X8R8G8B8, checking mode 18...
GetAdapterModeFormat: format X8R8G8B8, checking mode 19...
GetAdapterModeFormat: format X8R8G8B8, checking mode 20...
GetAdapterModeFormat: format X8R8G8B8, checking mode 21...
GetAdapterModeFormat: format X8R8G8B8, checking mode 22...
GetAdapterModeFormat: format X8R8G8B8, checking mode 23...
GetAdapterModeFormat: format X8R8G8B8, checking mode 24...
GetAdapterModeFormat: format X8R8G8B8, checking mode 25...
GetAdapterModeFormat: format X8R8G8B8, checking mode 26...
GetAdapterModeFormat: format X8R8G8B8, checking mode 27...
GetAdapterModeFormat: format X8R8G8B8, checking mode 28...
GetAdapterModeFormat: format X8R8G8B8, checking mode 29...
GetAdapterModeFormat: format X8R8G8B8, checking mode 30...
GetAdapterModeFormat: format X8R8G8B8, checking mode 31...
GetAdapterModeFormat: format X8R8G8B8, checking mode 32...
GetAdapterModeFormat: format X8R8G8B8, checking mode 33...
GetAdapterModeFormat: format A8R8G8B8 supports 0 modes
SetupPresentParams: failed to get fullscreen mode
SetupPresentParams: 10 x 10 x 24 (windowed)
GetDepthFormat: format D24S8 is supported
CheckTextureFormat: format DXT1 is supported
CheckTextureFormat: format DXT3 is supported
CheckTextureFormat: format DXT5 is supported
S3TC texture compression is supported
wglCreateContext: creating pure device with hardware vertex processing
Color bits: 8 8 8 0
Depth bits: 24
Stencil bits: 8
wglDeleteContext: deleting rendering context
--- Cleanup( partial ) ---
D3DVABuffer: 0.00 kb vertex data, 0.00 kb index data [8 swap frames]
wglDescribePixelFormat: HDC 2101096E index 1
wglDescribePixelFormat: HDC 2101096E index 1
--- Cleanup( partial ) ---
--- Init( normal ) ---
MatrixDetection enabled:0 mode:0
CPU: AuthenticAMD
Features: RDTSC MMX SSE SSE2 SSE3
Using SSE optimizations
Window Style: WS_BORDER WS_CAPTION WS_CLIPCHILDREN WS_CLIPSIBLINGS WS_DLGFRAME WS_GROUP WS_MAXIMIZEBOX WS_MINIMIZEBOX WS_SIZEBOX WS_SYSMENU WS_THICKFRAME
SetupPresentParams: 1920 x 1080 x 24 (windowed)
GetDepthFormat: format D24S8 is supported
CheckTextureFormat: format DXT1 is supported
CheckTextureFormat: format DXT3 is supported
CheckTextureFormat: format DXT5 is supported
S3TC texture compression is supported
wglCreateContext: creating pure device with hardware vertex processing
Color bits: 8 8 8 0
Depth bits: 24
Stencil bits: 8
WARNING: wglGetProcAddress: queried unknown proc 'wglCreateContextAttribsARB' (stub = 0x0)
wglGetProcAddress: queried proc 'glGetString'
wglGetProcAddress: queried proc 'glGetIntegerv'
wglGetProcAddress: queried proc 'glGetError'
wglGetProcAddress: queried proc 'glGetString'
wglGetProcAddress: queried proc 'glGetIntegerv'
wglGetProcAddress: queried proc 'glGetError'
wglGetProcAddress: queried proc 'glGetString'
wglGetProcAddress: queried proc 'glGetIntegerv'
wglGetProcAddress: queried proc 'glGetError'
wglGetProcAddress: queried proc 'glGetString'
wglGetProcAddress: queried proc 'glGetIntegerv'
wglGetProcAddress: queried proc 'glGetError'
wglGetProcAddress: queried proc 'glGetString'
wglGetProcAddress: queried proc 'glGetIntegerv'
wglGetProcAddress: queried proc 'glGetError'
wglGetProcAddress: queried proc 'glGetString'
wglGetProcAddress: queried proc 'glGetIntegerv'
wglGetProcAddress: queried proc 'glGetError'
wglGetProcAddress: queried proc 'glGetString'
wglGetProcAddress: queried proc 'glGetIntegerv'
wglGetProcAddress: queried proc 'glGetError'
wglGetProcAddress: queried proc 'glClearColor'
wglGetProcAddress: queried proc 'glClear'
wglGetProcAddress: queried proc 'glAlphaFunc'
wglGetProcAddress: queried proc 'glBlendFunc'
wglGetProcAddress: queried proc 'glCullFace'
wglGetProcAddress: queried proc 'glDrawBuffer'
wglGetProcAddress: queried proc 'glReadBuffer'
wglGetProcAddress: queried proc 'glAccum'
wglGetProcAddress: queried proc 'glEnable'
wglGetProcAddress: queried proc 'glDisable'
wglGetProcAddress: queried proc 'glEnableClientState'
wglGetProcAddress: queried proc 'glDisableClientState'
wglGetProcAddress: queried proc 'glGetBooleanv'
wglGetProcAddress: queried proc 'glGetDoublev'
wglGetProcAddress: queried proc 'glGetFloatv'
wglGetProcAddress: queried proc 'glGetIntegerv'
wglGetProcAddress: queried proc 'glGetError'
wglGetProcAddress: queried proc 'glGetString'
wglGetProcAddress: queried proc 'glFinish'
wglGetProcAddress: queried proc 'glFlush'
wglGetProcAddress: queried proc 'glClearDepth'
wglGetProcAddress: queried proc 'glDepthFunc'
wglGetProcAddress: queried proc 'glDepthMask'
wglGetProcAddress: queried proc 'glDepthRange'
wglGetProcAddress: queried proc 'glFrontFace'
wglGetProcAddress: queried proc 'glDrawElements'
wglGetProcAddress: queried proc 'glDrawArrays'
wglGetProcAddress: queried proc 'glColorMask'
wglGetProcAddress: queried proc 'glIndexPointer'
wglGetProcAddress: queried proc 'glVertexPointer'
wglGetProcAddress: queried proc 'glNormalPointer'
wglGetProcAddress: queried proc 'glColorPointer'
wglGetProcAddress: queried proc 'glTexCoordPointer'
wglGetProcAddress: queried proc 'glArrayElement'
wglGetProcAddress: queried proc 'glColor3f'
wglGetProcAddress: queried proc 'glColor3fv'
wglGetProcAddress: queried proc 'glColor4f'
wglGetProcAddress: queried proc 'glColor4fv'
wglGetProcAddress: queried proc 'glColor3ub'
wglGetProcAddress: queried proc 'glColor4ub'
wglGetProcAddress: queried proc 'glColor4ubv'
wglGetProcAddress: queried proc 'glTexCoord1f'
wglGetProcAddress: queried proc 'glTexCoord2f'
wglGetProcAddress: queried proc 'glTexCoord3f'
wglGetProcAddress: queried proc 'glTexCoord4f'
wglGetProcAddress: queried proc 'glTexCoord1fv'
wglGetProcAddress: queried proc 'glTexCoord2fv'
wglGetProcAddress: queried proc 'glTexCoord3fv'
wglGetProcAddress: queried proc 'glTexCoord4fv'
wglGetProcAddress: queried proc 'glTexGenf'
wglGetProcAddress: queried proc 'glTexGenfv'
wglGetProcAddress: queried proc 'glTexGeni'
wglGetProcAddress: queried proc 'glVertex2f'
wglGetProcAddress: queried proc 'glVertex3f'
wglGetProcAddress: queried proc 'glVertex3fv'
wglGetProcAddress: queried proc 'glNormal3f'
wglGetProcAddress: queried proc 'glNormal3fv'
wglGetProcAddress: queried proc 'glBegin'
wglGetProcAddress: queried proc 'glEnd'
wglGetProcAddress: queried proc 'glLineWidth'
wglGetProcAddress: queried proc 'glPointSize'
wglGetProcAddress: queried proc 'glMatrixMode'
wglGetProcAddress: queried proc 'glOrtho'
wglGetProcAddress: queried proc 'glRasterPos2f'
wglGetProcAddress: queried proc 'glFrustum'
wglGetProcAddress: queried proc 'glViewport'
wglGetProcAddress: queried proc 'glPushMatrix'
wglGetProcAddress: queried proc 'glPopMatrix'
wglGetProcAddress: queried proc 'glPushAttrib'
wglGetProcAddress: queried proc 'glPopAttrib'
wglGetProcAddress: queried proc 'glLoadIdentity'
wglGetProcAddress: queried proc 'glLoadMatrixd'
wglGetProcAddress: queried proc 'glLoadMatrixf'
wglGetProcAddress: queried proc 'glMultMatrixd'
wglGetProcAddress: queried proc 'glMultMatrixf'
wglGetProcAddress: queried proc 'glRotated'
wglGetProcAddress: queried proc 'glRotatef'
wglGetProcAddress: queried proc 'glScaled'
wglGetProcAddress: queried proc 'glScalef'
wglGetProcAddress: queried proc 'glTranslated'
wglGetProcAddress: queried proc 'glTranslatef'
wglGetProcAddress: queried proc 'glReadPixels'
wglGetProcAddress: queried proc 'glDrawPixels'
wglGetProcAddress: queried proc 'glStencilFunc'
wglGetProcAddress: queried proc 'glStencilMask'
wglGetProcAddress: queried proc 'glStencilOp'
wglGetProcAddress: queried proc 'glClearStencil'
wglGetProcAddress: queried proc 'glIsEnabled'
wglGetProcAddress: queried proc 'glIsList'
wglGetProcAddress: queried proc 'glIsTexture'
wglGetProcAddress: queried proc 'glTexEnvf'
wglGetProcAddress: queried proc 'glTexEnvfv'
wglGetProcAddress: queried proc 'glTexEnvi'
wglGetProcAddress: queried proc 'glTexParameterf'
wglGetProcAddress: queried proc 'glTexParameterfv'
wglGetProcAddress: queried proc 'glTexParameteri'
wglGetProcAddress: queried proc 'glHint'
wglGetProcAddress: queried proc 'glPixelStoref'
wglGetProcAddress: queried proc 'glPixelStorei'
wglGetProcAddress: queried proc 'glGenTextures'
wglGetProcAddress: queried proc 'glDeleteTextures'
wglGetProcAddress: queried proc 'glBindTexture'
wglGetProcAddress: queried proc 'glTexImage1D'
wglGetProcAddress: queried proc 'glTexImage2D'
wglGetProcAddress: queried proc 'glTexSubImage1D'
wglGetProcAddress: queried proc 'glTexSubImage2D'
wglGetProcAddress: queried proc 'glCopyTexImage1D'
wglGetProcAddress: queried proc 'glCopyTexImage2D'
wglGetProcAddress: queried proc 'glCopyTexSubImage1D'
wglGetProcAddress: queried proc 'glCopyTexSubImage2D'
wglGetProcAddress: queried proc 'glScissor'
wglGetProcAddress: queried proc 'glGetTexImage'
wglGetProcAddress: queried proc 'glGetTexEnviv'
wglGetProcAddress: queried proc 'glPolygonOffset'
wglGetProcAddress: queried proc 'glPolygonMode'
wglGetProcAddress: queried proc 'glPolygonStipple'
wglGetProcAddress: queried proc 'glClipPlane'
wglGetProcAddress: queried proc 'glGetClipPlane'
wglGetProcAddress: queried proc 'glShadeModel'
wglGetProcAddress: queried proc 'glGetTexLevelParameteriv'
wglGetProcAddress: queried proc 'glGetTexLevelParameterfv'
wglGetProcAddress: queried proc 'glFogfv'
wglGetProcAddress: queried proc 'glFogf'
wglGetProcAddress: queried proc 'glFogi'
WARNING: glGet(0x821b) is not supported
WARNING: glGet(0x821c) is not supported
wglGetProcAddress: queried proc 'glMultiTexCoord1f'
wglGetProcAddress: queried proc 'glMultiTexCoord2f'
wglGetProcAddress: queried proc 'glMultiTexCoord3f'
wglGetProcAddress: queried proc 'glMultiTexCoord4f'
wglGetProcAddress: queried proc 'glActiveTexture'
wglGetProcAddress: queried proc 'glActiveTextureARB'
wglGetProcAddress: queried proc 'glClientActiveTexture'
wglGetProcAddress: queried proc 'glClientActiveTextureARB'
wglGetProcAddress: queried proc 'glTexImage3D'
wglGetProcAddress: queried proc 'glTexSubImage3D'
wglGetProcAddress: queried proc 'glCopyTexSubImage3D'
wglGetProcAddress: queried proc 'glCompressedTexImage3DARB'
wglGetProcAddress: queried proc 'glCompressedTexImage2DARB'
wglGetProcAddress: queried proc 'glCompressedTexImage1DARB'
wglGetProcAddress: queried proc 'glCompressedTexSubImage3DARB'
wglGetProcAddress: queried proc 'glCompressedTexSubImage2DARB'
wglGetProcAddress: queried proc 'glCompressedTexSubImage1DARB'
wglGetProcAddress: queried proc 'glGetCompressedTexImage'
wglGetProcAddress: queried proc 'glDrawRangeElements'
WARNING: glLineWidth is not supported
MatrixDetection new pointer stored[0]: 007EFACC. 
MatrixDetection new pointer stored[1]: 007EFAD8. 
MatrixDetection new pointer stored[2]: 007EFA18. Marked as active camera.
wglGetProcAddress: queried proc 'glActiveTextureARB'
wglGetProcAddress: queried proc 'glClientActiveTextureARB'
wglGetProcAddress: queried proc 'glMultiTexCoord1fARB'
wglGetProcAddress: queried proc 'glMultiTexCoord2fARB'
wglGetProcAddress: queried proc 'glMultiTexCoord3fvARB'
wglGetProcAddress: queried proc 'glTexImage3DEXT'
wglGetProcAddress: queried proc 'glClientActiveTextureARB'
wglGetProcAddress: queried proc 'glActiveTextureARB'
WARNING: wglGetProcAddress: queried unknown proc 'glVertexWeightPointerEXT' (stub = 0x0)
WARNING: wglGetProcAddress: queried unknown proc 'glVertexWeightfEXT' (stub = 0x0)
WARNING: wglGetProcAddress: queried unknown proc 'glVertexWeightfvEXT' (stub = 0x0)
wglGetProcAddress: queried proc 'glFogCoorddEXT'
wglGetProcAddress: queried proc 'glFogCoorddvEXT'
wglGetProcAddress: queried proc 'glFogCoordfEXT'
wglGetProcAddress: queried proc 'glFogCoordfvEXT'
wglGetProcAddress: queried proc 'glFogCoordPointerEXT'
WARNING: wglGetProcAddress: queried unknown proc 'glBindProgramNV' (stub = 0x0)
WARNING: wglGetProcAddress: queried unknown proc 'glGenProgramsNV' (stub = 0x0)
WARNING: wglGetProcAddress: queried unknown proc 'glDeleteProgramsNV' (stub = 0x0)
WARNING: wglGetProcAddress: queried unknown proc 'glLoadProgramNV' (stub = 0x0)
wglGetProcAddress: queried proc 'glMultiTexCoord1sARB'
wglGetProcAddress: queried proc 'glMultiTexCoord1fARB'
wglGetProcAddress: queried proc 'glMultiTexCoord1dARB'
wglGetProcAddress: queried proc 'glMultiTexCoord2sARB'
wglGetProcAddress: queried proc 'glMultiTexCoord2fARB'
wglGetProcAddress: queried proc 'glMultiTexCoord2dARB'
wglGetProcAddress: queried proc 'glMultiTexCoord3sARB'
wglGetProcAddress: queried proc 'glMultiTexCoord3fARB'
wglGetProcAddress: queried proc 'glMultiTexCoord3dARB'
wglGetProcAddress: queried proc 'glMultiTexCoord4sARB'
wglGetProcAddress: queried proc 'glMultiTexCoord4fARB'
wglGetProcAddress: queried proc 'glMultiTexCoord4dARB'
wglGetProcAddress: queried proc 'glMultiTexCoord1svARB'
wglGetProcAddress: queried proc 'glMultiTexCoord1fvARB'
wglGetProcAddress: queried proc 'glMultiTexCoord1dvARB'
wglGetProcAddress: queried proc 'glMultiTexCoord2svARB'
wglGetProcAddress: queried proc 'glMultiTexCoord2fvARB'
wglGetProcAddress: queried proc 'glMultiTexCoord2dvARB'
wglGetProcAddress: queried proc 'glMultiTexCoord3svARB'
wglGetProcAddress: queried proc 'glMultiTexCoord3fvARB'
wglGetProcAddress: queried proc 'glMultiTexCoord3dvARB'
wglGetProcAddress: queried proc 'glMultiTexCoord4svARB'
wglGetProcAddress: queried proc 'glMultiTexCoord4fvARB'
wglGetProcAddress: queried proc 'glMultiTexCoord4dvARB'
wglGetProcAddress: queried proc 'glSecondaryColor3bEXT'
wglGetProcAddress: queried proc 'glSecondaryColor3bvEXT'
wglGetProcAddress: queried proc 'glSecondaryColor3dEXT'
wglGetProcAddress: queried proc 'glSecondaryColor3dvEXT'
wglGetProcAddress: queried proc 'glSecondaryColor3fEXT'
wglGetProcAddress: queried proc 'glSecondaryColor3fvEXT'
wglGetProcAddress: queried proc 'glSecondaryColor3iEXT'
wglGetProcAddress: queried proc 'glSecondaryColor3ivEXT'
wglGetProcAddress: queried proc 'glSecondaryColor3sEXT'
wglGetProcAddress: queried proc 'glSecondaryColor3svEXT'
wglGetProcAddress: queried proc 'glSecondaryColor3ubEXT'
wglGetProcAddress: queried proc 'glSecondaryColor3ubvEXT'
wglGetProcAddress: queried proc 'glSecondaryColor3uiEXT'
wglGetProcAddress: queried proc 'glSecondaryColor3uivEXT'
wglGetProcAddress: queried proc 'glSecondaryColor3usEXT'
wglGetProcAddress: queried proc 'glSecondaryColor3usvEXT'
wglGetProcAddress: queried proc 'glSecondaryColorPointerEXT'
WARNING: wglGetProcAddress: queried unknown proc 'glProgramNamedParameter4fNV' (stub = 0x0)
WARNING: wglGetProcAddress: queried unknown proc 'glProgramNamedParameter4dNV' (stub = 0x0)
WARNING: wglGetProcAddress: queried unknown proc 'glProgramNamedParameter4fvNV' (stub = 0x0)
WARNING: wglGetProcAddress: queried unknown proc 'glProgramNamedParameter4dvNV' (stub = 0x0)
WARNING: wglGetProcAddress: queried unknown proc 'glProgramParameter4fNV' (stub = 0x0)
WARNING: wglGetProcAddress: queried unknown proc 'glProgramParameter4dNV' (stub = 0x0)
WARNING: wglGetProcAddress: queried unknown proc 'glProgramParameter4fvNV' (stub = 0x0)
WARNING: wglGetProcAddress: queried unknown proc 'glProgramParameter4dvNV' (stub = 0x0)
WARNING: wglGetProcAddress: queried unknown proc 'glVertexAttrib1sNV' (stub = 0x0)
WARNING: wglGetProcAddress: queried unknown proc 'glVertexAttrib1fNV' (stub = 0x0)
WARNING: wglGetProcAddress: queried unknown proc 'glVertexAttrib1dNV' (stub = 0x0)
WARNING: wglGetProcAddress: queried unknown proc 'glVertexAttrib2sNV' (stub = 0x0)
WARNING: wglGetProcAddress: queried unknown proc 'glVertexAttrib2fNV' (stub = 0x0)
WARNING: wglGetProcAddress: queried unknown proc 'glVertexAttrib2dNV' (stub = 0x0)
WARNING: wglGetProcAddress: queried unknown proc 'glVertexAttrib3sNV' (stub = 0x0)
WARNING: wglGetProcAddress: queried unknown proc 'glVertexAttrib3fNV' (stub = 0x0)
WARNING: wglGetProcAddress: queried unknown proc 'glVertexAttrib3dNV' (stub = 0x0)
WARNING: wglGetProcAddress: queried unknown proc 'glVertexAttrib4sNV' (stub = 0x0)
WARNING: wglGetProcAddress: queried unknown proc 'glVertexAttrib4fNV' (stub = 0x0)
WARNING: wglGetProcAddress: queried unknown proc 'glVertexAttrib4dNV' (stub = 0x0)
WARNING: wglGetProcAddress: queried unknown proc 'glVertexAttrib4ubNV' (stub = 0x0)
WARNING: wglGetProcAddress: queried unknown proc 'glVertexAttrib1svNV' (stub = 0x0)
WARNING: wglGetProcAddress: queried unknown proc 'glVertexAttrib1fvNV' (stub = 0x0)
WARNING: wglGetProcAddress: queried unknown proc 'glVertexAttrib1dvNV' (stub = 0x0)
WARNING: wglGetProcAddress: queried unknown proc 'glVertexAttrib2svNV' (stub = 0x0)
WARNING: wglGetProcAddress: queried unknown proc 'glVertexAttrib2fvNV' (stub = 0x0)
WARNING: wglGetProcAddress: queried unknown proc 'glVertexAttrib2dvNV' (stub = 0x0)
WARNING: wglGetProcAddress: queried unknown proc 'glVertexAttrib3svNV' (stub = 0x0)
WARNING: wglGetProcAddress: queried unknown proc 'glVertexAttrib3fvNV' (stub = 0x0)
WARNING: wglGetProcAddress: queried unknown proc 'glVertexAttrib3dvNV' (stub = 0x0)
WARNING: wglGetProcAddress: queried unknown proc 'glVertexAttrib4svNV' (stub = 0x0)
WARNING: wglGetProcAddress: queried unknown proc 'glVertexAttrib4fvNV' (stub = 0x0)
WARNING: wglGetProcAddress: queried unknown proc 'glVertexAttrib4dvNV' (stub = 0x0)
WARNING: wglGetProcAddress: queried unknown proc 'glVertexAttrib4ubvNV' (stub = 0x0)
WARNING: wglGetProcAddress: queried unknown proc 'glVertexAttribPointerNV' (stub = 0x0)
WARNING: wglGetProcAddress: queried unknown proc 'glGetTrackMatrixivNV' (stub = 0x0)
WARNING: wglGetProcAddress: queried unknown proc 'glProgramLocalParameter4fARB' (stub = 0x0)
WARNING: wglGetProcAddress: queried unknown proc 'glProgramLocalParameter4dARB' (stub = 0x0)
WARNING: wglGetProcAddress: queried unknown proc 'glProgramLocalParameter4fvARB' (stub = 0x0)
WARNING: wglGetProcAddress: queried unknown proc 'glProgramLocalParameter4dvARB' (stub = 0x0)
WARNING: wglGetProcAddress: queried unknown proc 'glGetProgramLocalParameterdvARB' (stub = 0x0)
WARNING: wglGetProcAddress: queried unknown proc 'glVertexAttrib1sARB' (stub = 0x0)
WARNING: wglGetProcAddress: queried unknown proc 'glVertexAttrib1fARB' (stub = 0x0)
WARNING: wglGetProcAddress: queried unknown proc 'glVertexAttrib1dARB' (stub = 0x0)
WARNING: wglGetProcAddress: queried unknown proc 'glVertexAttrib2sARB' (stub = 0x0)
WARNING: wglGetProcAddress: queried unknown proc 'glVertexAttrib2fARB' (stub = 0x0)
WARNING: wglGetProcAddress: queried unknown proc 'glVertexAttrib2dARB' (stub = 0x0)
WARNING: wglGetProcAddress: queried unknown proc 'glVertexAttrib3sARB' (stub = 0x0)
WARNING: wglGetProcAddress: queried unknown proc 'glVertexAttrib3fARB' (stub = 0x0)
WARNING: wglGetProcAddress: queried unknown proc 'glVertexAttrib3dARB' (stub = 0x0)
WARNING: wglGetProcAddress: queried unknown proc 'glVertexAttrib4sARB' (stub = 0x0)
WARNING: wglGetProcAddress: queried unknown proc 'glVertexAttrib4fARB' (stub = 0x0)
WARNING: wglGetProcAddress: queried unknown proc 'glVertexAttrib4dARB' (stub = 0x0)
WARNING: wglGetProcAddress: queried unknown proc 'glVertexAttrib4NubARB' (stub = 0x0)
WARNING: wglGetProcAddress: queried unknown proc 'glVertexAttrib1svARB' (stub = 0x0)
WARNING: wglGetProcAddress: queried unknown proc 'glVertexAttrib1fvARB' (stub = 0x0)
WARNING: wglGetProcAddress: queried unknown proc 'glVertexAttrib1dvARB' (stub = 0x0)
WARNING: wglGetProcAddress: queried unknown proc 'glVertexAttrib2svARB' (stub = 0x0)
WARNING: wglGetProcAddress: queried unknown proc 'glVertexAttrib2fvARB' (stub = 0x0)
WARNING: wglGetProcAddress: queried unknown proc 'glVertexAttrib2dvARB' (stub = 0x0)
WARNING: wglGetProcAddress: queried unknown proc 'glVertexAttrib3svARB' (stub = 0x0)
WARNING: wglGetProcAddress: queried unknown proc 'glVertexAttrib3fvARB' (stub = 0x0)
WARNING: wglGetProcAddress: queried unknown proc 'glVertexAttrib3dvARB' (stub = 0x0)
WARNING: wglGetProcAddress: queried unknown proc 'glVertexAttrib4svARB' (stub = 0x0)
WARNING: wglGetProcAddress: queried unknown proc 'glVertexAttrib4fvARB' (stub = 0x0)
WARNING: wglGetProcAddress: queried unknown proc 'glVertexAttrib4dvARB' (stub = 0x0)
WARNING: wglGetProcAddress: queried unknown proc 'glVertexAttrib4ubvARB' (stub = 0x0)
WARNING: wglGetProcAddress: queried unknown proc 'glVertexAttribPointerARB' (stub = 0x0)
WARNING: wglGetProcAddress: queried unknown proc 'glProgramStringARB' (stub = 0x0)
WARNING: wglGetProcAddress: queried unknown proc 'glBindProgramARB' (stub = 0x0)
WARNING: wglGetProcAddress: queried unknown proc 'glGenProgramsARB' (stub = 0x0)
WARNING: wglGetProcAddress: queried unknown proc 'glDeleteProgramsARB' (stub = 0x0)
WARNING: wglGetProcAddress: queried unknown proc 'glEnableVertexAttribArrayARB' (stub = 0x0)
WARNING: wglGetProcAddress: queried unknown proc 'glDisableVertexAttribArrayARB' (stub = 0x0)
WARNING: wglGetProcAddress: queried unknown proc 'glGetProgramivARB' (stub = 0x0)
WARNING: wglGetProcAddress: queried unknown proc 'glCombinerParameterfvNV' (stub = 0x0)
WARNING: wglGetProcAddress: queried unknown proc 'glCombinerParameterivNV' (stub = 0x0)
WARNING: wglGetProcAddress: queried unknown proc 'glCombinerParameterfNV' (stub = 0x0)
WARNING: wglGetProcAddress: queried unknown proc 'glCombinerParameteriNV' (stub = 0x0)
WARNING: wglGetProcAddress: queried unknown proc 'glCombinerStageParameterfvNV' (stub = 0x0)
WARNING: wglGetProcAddress: queried unknown proc 'glGetCombinerStageParameterfvNV' (stub = 0x0)
WARNING: wglGetProcAddress: queried unknown proc 'glCombinerInputNV' (stub = 0x0)
WARNING: wglGetProcAddress: queried unknown proc 'glCombinerOutputNV' (stub = 0x0)
WARNING: wglGetProcAddress: queried unknown proc 'glFinalCombinerInputNV' (stub = 0x0)
wglGetProcAddress: queried proc 'glActiveTextureARB'
wglGetProcAddress: queried proc 'glMultiTexCoord2fARB'
WARNING: glGet(0xbc1) is not supported
WARNING: glGet(0xbc2) is not supported
wglDeleteContext: deleting rendering context
--- Cleanup( partial ) ---
D3DVABuffer: 305.81 kb vertex data, 113.91 kb index data [8 swap frames]
--- Cleanup( all ) ---
Hookdeinit
SurfaceSort: detouring result: 0 hint: 0
=======================================================================
 QindieGL wrapper shutdown at Fri Feb 20 03:53:52 2026
=======================================================================
